<?xml version="1.0" encoding="UTF-8"?>
<!-- Generated by org.testng.reporters.JUnitReportReporter -->
<testsuite hostname="LAPTOP-FD7TKB4I" failures="0" tests="10" name="com.Comprehensive1.testCases.Runnerclass" time="208.712" errors="0" timestamp="2021-11-26T02:26:53 IST" skipped="0">
  <testcase classname="com.Comprehensive1.testCases.Runnerclass" name="Clickforlogin" time="16.905"/>
  <system-out/>
  <testcase classname="com.Comprehensive1.testCases.Runnerclass" name="ClickSearchBar" time="37.816"/>
  <system-out/>
  <testcase classname="com.Comprehensive1.testCases.Runnerclass" name="Headerlink" time="22.945"/>
  <system-out/>
  <testcase classname="com.Comprehensive1.testCases.Runnerclass" name="Headerhover" time="20.687"/>
  <system-out/>
  <testcase classname="com.Comprehensive1.testCases.Runnerclass" name="ClickHomeWhats" time="20.004"/>
  <system-out/>
  <testcase classname="com.Comprehensive1.testCases.Runnerclass" name="ClickWishlists" time="19.122"/>
  <system-out/>
  <testcase classname="com.Comprehensive1.testCases.Runnerclass" name="ClickGiftCard" time="13.484"/>
  <system-out/>
  <testcase classname="com.Comprehensive1.testCases.Runnerclass" name="ClickCart" time="18.372"/>
  <system-out/>
  <testcase classname="com.Comprehensive1.testCases.Runnerclass" name="ClickHomeDecor" time="20.525"/>
  <system-out/>
  <testcase classname="com.Comprehensive1.testCases.Runnerclass" name="ClickDCHome" time="18.852"/>
  <system-out/>
</testsuite> <!-- com.Comprehensive1.testCases.Runnerclass -->
